Using pre-set license
Built from '2021.3/staging' branch; Version is '2021.3.20f1 (577897200b8b) revision 5732503'; Using compiler version '192829333'; Build Type 'Release'
OS: 'Windows 10  (10.0.19045) 64bit Professional' Language: 'tr' Physical Memory: 15741 MB
BatchMode: 1, IsHumanControllingUs: 0, StartBugReporterOnCrash: 0, Is64bit: 1, IsPro: 1

COMMAND LINE ARGUMENTS:
C:\Program Files\Unity\Hub\Editor\2021.3.20f1\Editor\Unity.exe
-adb2
-batchMode
-noUpm
-name
AssetImportWorker1
-projectPath
C:/Users/Fatih/Smash Witches
-logFile
Logs/AssetImportWorker1.log
-srvPort
64143
Successfully changed project path to: C:/Users/Fatih/Smash Witches
C:/Users/Fatih/Smash Witches
[UnityMemory] Configuration Parameters - Can be set up in boot.config
    "memorysetup-bucket-allocator-granularity=16"
    "memorysetup-bucket-allocator-bucket-count=8"
    "memorysetup-bucket-allocator-block-size=33554432"
    "memorysetup-bucket-allocator-block-count=8"
    "memorysetup-main-allocator-block-size=16777216"
    "memorysetup-thread-allocator-block-size=16777216"
    "memorysetup-gfx-main-allocator-block-size=16777216"
    "memorysetup-gfx-thread-allocator-block-size=16777216"
    "memorysetup-cache-allocator-block-size=4194304"
    "memorysetup-typetree-allocator-block-size=2097152"
    "memorysetup-profiler-bucket-allocator-granularity=16"
    "memorysetup-profiler-bucket-allocator-bucket-count=8"
    "memorysetup-profiler-bucket-allocator-block-size=33554432"
    "memorysetup-profiler-bucket-allocator-block-count=8"
    "memorysetup-profiler-allocator-block-size=16777216"
    "memorysetup-profiler-editor-allocator-block-size=1048576"
    "memorysetup-temp-allocator-size-main=16777216"
    "memorysetup-job-temp-allocator-block-size=2097152"
    "memorysetup-job-temp-allocator-block-size-background=1048576"
    "memorysetup-job-temp-allocator-reduction-small-platforms=262144"
    "memorysetup-temp-allocator-size-background-worker=32768"
    "memorysetup-temp-allocator-size-job-worker=262144"
    "memorysetup-temp-allocator-size-preload-manager=33554432"
    "memorysetup-temp-allocator-size-nav-mesh-worker=65536"
    "memorysetup-temp-allocator-size-audio-worker=65536"
    "memorysetup-temp-allocator-size-cloud-worker=32768"
    "memorysetup-temp-allocator-size-gi-baking-worker=262144"
    "memorysetup-temp-allocator-size-gfx=262144"
Player connection [19432] Host "[IP] 192.168.1.100 [Port] 0 [Flags] 2 [Guid] 3884440981 [EditorId] 3884440981 [Version] 1048832 [Id] WindowsEditor(7,DESKTOP-75U869K) [Debug] 1 [PackageName] WindowsEditor [ProjectName] Editor" joined multi-casting on [225.0.0.222:54997]...

Player connection [19432] Host "[IP] 192.168.1.100 [Port] 0 [Flags] 2 [Guid] 3884440981 [EditorId] 3884440981 [Version] 1048832 [Id] WindowsEditor(7,DESKTOP-75U869K) [Debug] 1 [PackageName] WindowsEditor [ProjectName] Editor" joined alternative multi-casting on [225.0.0.222:34997]...

Refreshing native plugins compatible for Editor in 91.68 ms, found 3 plugins.
Preloading 0 native plugins for Editor in 0.00 ms.
Initialize engine version: 2021.3.20f1 (577897200b8b)
[Subsystems] Discovering subsystems at path C:/Program Files/Unity/Hub/Editor/2021.3.20f1/Editor/Data/Resources/UnitySubsystems
[Subsystems] Discovering subsystems at path C:/Users/Fatih/Smash Witches/Assets
GfxDevice: creating device client; threaded=0; jobified=0
Direct3D:
    Version:  Direct3D 11.0 [level 11.1]
    Renderer: NVIDIA GeForce GTX 1650 Ti (ID=0x1f95)
    Vendor:   NVIDIA
    VRAM:     3949 MB
    Driver:   31.0.15.3179
Initialize mono
Mono path[0] = 'C:/Program Files/Unity/Hub/Editor/2021.3.20f1/Editor/Data/Managed'
Mono path[1] = 'C:/Program Files/Unity/Hub/Editor/2021.3.20f1/Editor/Data/MonoBleedingEdge/lib/mono/unityjit-win32'
Mono config path = 'C:/Program Files/Unity/Hub/Editor/2021.3.20f1/Editor/Data/MonoBleedingEdge/etc'
Using monoOptions --debugger-agent=transport=dt_socket,embedding=1,server=y,suspend=n,address=127.0.0.1:56348
Begin MonoManager ReloadAssembly
Registering precompiled unity dll's ...
Register platform support module: C:/Program Files/Unity/Hub/Editor/2021.3.20f1/Editor/Data/PlaybackEngines/AndroidPlayer/UnityEditor.Android.Extensions.dll
Register platform support module: C:/Program Files/Unity/Hub/Editor/2021.3.20f1/Editor/Data/PlaybackEngines/iOSSupport/UnityEditor.iOS.Extensions.dll
Register platform support module: C:/Program Files/Unity/Hub/Editor/2021.3.20f1/Editor/Data/PlaybackEngines/WindowsStandaloneSupport/UnityEditor.WindowsStandalone.Extensions.dll
Registered in 0.010597 seconds.
Native extension for WindowsStandalone target not found
[usbmuxd] Start listen thread
[usbmuxd] Listen thread started
Native extension for iOS target not found
Native extension for Android target not found
Android Extension - Scanning For ADB Devices 345 ms
Refreshing native plugins compatible for Editor in 105.78 ms, found 3 plugins.
Preloading 0 native plugins for Editor in 0.00 ms.
Mono: successfully reloaded assembly
- Completed reload, in  1.102 seconds
Domain Reload Profiling:
	ReloadAssembly (1103ms)
		BeginReloadAssembly (95ms)
			ExecutionOrderSort (0ms)
			DisableScriptedObjects (0ms)
			BackupInstance (0ms)
			ReleaseScriptingObjects (0ms)
			CreateAndSetChildDomain (1ms)
		EndReloadAssembly (889ms)
			LoadAssemblies (93ms)
			RebuildTransferFunctionScriptingTraits (0ms)
			SetupTypeCache (120ms)
			ReleaseScriptCaches (0ms)
			RebuildScriptCaches (32ms)
			SetupLoadedEditorAssemblies (677ms)
				LogAssemblyErrors (0ms)
				InitializePlatformSupportModulesInManaged (428ms)
				SetLoadedEditorAssemblies (0ms)
				RefreshPlugins (106ms)
				BeforeProcessingInitializeOnLoad (1ms)
				ProcessInitializeOnLoadAttributes (94ms)
				ProcessInitializeOnLoadMethodAttributes (48ms)
				AfterProcessingInitializeOnLoad (0ms)
				EditorAssembliesLoaded (0ms)
			ExecutionOrderSort2 (0ms)
			AwakeInstancesAfterBackupRestoration (0ms)
Platform modules already initialized, skipping
Registering precompiled user dll's ...
Registered in 0.006024 seconds.
Begin MonoManager ReloadAssembly
Symbol file LoadedFromMemory doesn't match image C:\Users\Fatih\Smash Witches\Library\PackageCache\com.unity.visualscripting@1.8.0\Editor\VisualScripting.Core\Dependencies\YamlDotNet\Unity.VisualScripting.YamlDotNet.dll
Symbol file LoadedFromMemory doesn't match image C:\Users\Fatih\Smash Witches\Library\PackageCache\com.unity.visualscripting@1.8.0\Editor\VisualScripting.Core\Dependencies\DotNetZip\Unity.VisualScripting.IonicZip.dll
Native extension for WindowsStandalone target not found
Native extension for iOS target not found
Native extension for Android target not found
Refreshing native plugins compatible for Editor in 106.94 ms, found 3 plugins.
Preloading 0 native plugins for Editor in 0.00 ms.
Mono: successfully reloaded assembly
- Completed reload, in  1.473 seconds
Domain Reload Profiling:
	ReloadAssembly (1474ms)
		BeginReloadAssembly (131ms)
			ExecutionOrderSort (0ms)
			DisableScriptedObjects (6ms)
			BackupInstance (0ms)
			ReleaseScriptingObjects (0ms)
			CreateAndSetChildDomain (21ms)
		EndReloadAssembly (1219ms)
			LoadAssemblies (109ms)
			RebuildTransferFunctionScriptingTraits (0ms)
			SetupTypeCache (366ms)
			ReleaseScriptCaches (1ms)
			RebuildScriptCaches (69ms)
			SetupLoadedEditorAssemblies (623ms)
				LogAssemblyErrors (0ms)
				InitializePlatformSupportModulesInManaged (33ms)
				SetLoadedEditorAssemblies (0ms)
				RefreshPlugins (107ms)
				BeforeProcessingInitializeOnLoad (108ms)
				ProcessInitializeOnLoadAttributes (346ms)
				ProcessInitializeOnLoadMethodAttributes (17ms)
				AfterProcessingInitializeOnLoad (11ms)
				EditorAssembliesLoaded (0ms)
			ExecutionOrderSort2 (0ms)
			AwakeInstancesAfterBackupRestoration (7ms)
Platform modules already initialized, skipping
========================================================================
Worker process is ready to serve import requests
Launched and connected shader compiler UnityShaderCompiler.exe after 0.05 seconds
Refreshing native plugins compatible for Editor in 1.39 ms, found 3 plugins.
Preloading 0 native plugins for Editor in 0.00 ms.
Unloading 3624 Unused Serialized files (Serialized files now loaded: 0)
Unloading 39 unused Assets / (162.1 KB). Loaded Objects now: 4115.
Memory consumption went from 150.7 MB to 150.5 MB.
Total: 6.787400 ms (FindLiveObjects: 0.655500 ms CreateObjectMapping: 0.566500 ms MarkObjects: 5.296800 ms  DeleteObjects: 0.266300 ms)

AssetImportParameters requested are different than current active one (requested -> active):
  custom:video-decoder-ogg-theora: a1e56fd34408186e4bbccfd4996cb3dc -> 
  custom:container-muxer-webm: aa71ff27fc2769a1b78a27578f13a17b -> 
  custom:container-demuxer-webm: 4f35f7cbe854078d1ac9338744f61a02 -> 
  custom:video-encoder-webm-vp8: eb34c28f22e8b96e1ab97ce403110664 -> 
  custom:audio-encoder-webm-vorbis: bf7c407c2cedff20999df2af8eb42d56 -> 
  custom:framework-win-MediaFoundation: 216162199b28c13a410421893ffa2e32 -> 
  custom:container-demuxer-ogg: 62fdf1f143b41e24485cea50d1cbac27 -> 
  custom:video-decoder-webm-vp8: 9c59270c3fd7afecdb556c50c9e8de78 -> 
  custom:audio-decoder-ogg-vorbis: bf7c407c2cedff20999df2af8eb42d56 -> 
========================================================================
Received Import Request.
  Time since last request: 91304.486341 seconds.
  path: Assets/Prefabs/arrowPrefab2.prefab
  artifactKey: Guid(3275ee35d9aa04f4db878b1ce3cc6bec) Importer(815301076,1909f56bfc062723c751e8b465ee728b)
Start importing Assets/Prefabs/arrowPrefab2.prefab using Guid(3275ee35d9aa04f4db878b1ce3cc6bec) Importer(815301076,1909f56bfc062723c751e8b465ee728b)  -> (artifact id: '3c9144f87cbfeab071c7c77c46885e9c') in 0.185636 seconds 
========================================================================
Received Import Request.
  Time since last request: 0.000024 seconds.
  path: Assets/Prefabs/Player.prefab
  artifactKey: Guid(74daf8b04739a904f8cd3eef87248683) Importer(815301076,1909f56bfc062723c751e8b465ee728b)
Start importing Assets/Prefabs/Player.prefab using Guid(74daf8b04739a904f8cd3eef87248683) Importer(815301076,1909f56bfc062723c751e8b465ee728b)  -> (artifact id: '3e2ece163f1e1bf4d012524485658c00') in 0.052750 seconds 
========================================================================
Received Import Request.
  Time since last request: 138.191071 seconds.
  path: Assets/Game/WizardPolyArt/Prefabs/PolyArtWizardStandardMat.prefab
  artifactKey: Guid(ccd8c3b89aa02e943a08ab9238a8a70c) Importer(815301076,1909f56bfc062723c751e8b465ee728b)
Start importing Assets/Game/WizardPolyArt/Prefabs/PolyArtWizardStandardMat.prefab using Guid(ccd8c3b89aa02e943a08ab9238a8a70c) Importer(815301076,1909f56bfc062723c751e8b465ee728b)  -> (artifact id: '88c2006d050f9c5df26efb7a6dd05103') in 0.071909 seconds 
========================================================================
Received Import Request.
  Time since last request: 0.000061 seconds.
  path: Assets/Game/WizardPolyArt/Prefabs/Staff02Polyart.prefab
  artifactKey: Guid(e55280988a6fa1843a32025141146c2a) Importer(815301076,1909f56bfc062723c751e8b465ee728b)
Start importing Assets/Game/WizardPolyArt/Prefabs/Staff02Polyart.prefab using Guid(e55280988a6fa1843a32025141146c2a) Importer(815301076,1909f56bfc062723c751e8b465ee728b)  -> (artifact id: 'b9660415548372537bd8d5168d763918') in 0.012844 seconds 
========================================================================
Received Import Request.
  Time since last request: 0.000027 seconds.
  path: Assets/Game/WizardPolyArt/Prefabs/Staff03PolyArt.prefab
  artifactKey: Guid(c413fed5af1bfe847af0ed883ee868db) Importer(815301076,1909f56bfc062723c751e8b465ee728b)
Start importing Assets/Game/WizardPolyArt/Prefabs/Staff03PolyArt.prefab using Guid(c413fed5af1bfe847af0ed883ee868db) Importer(815301076,1909f56bfc062723c751e8b465ee728b)  -> (artifact id: '48e26195ba1249568e7fe236b55cd6ef') in 0.012808 seconds 
========================================================================
Received Import Request.
  Time since last request: 0.000044 seconds.
  path: Assets/Game/WizardPolyArt/Prefabs/Staff01PolyArt.prefab
  artifactKey: Guid(713f90f70ef14794bbdcabcb038f4ae7) Importer(815301076,1909f56bfc062723c751e8b465ee728b)
Start importing Assets/Game/WizardPolyArt/Prefabs/Staff01PolyArt.prefab using Guid(713f90f70ef14794bbdcabcb038f4ae7) Importer(815301076,1909f56bfc062723c751e8b465ee728b)  -> (artifact id: 'a0af7e90bf62c596b27498d6557a527c') in 0.009880 seconds 
========================================================================
Received Import Request.
  Time since last request: 41.493633 seconds.
  path: Assets/Game/WizardPolyArt/Animations/Attack02Maintain.fbx
  artifactKey: Guid(772ab72bc9a5db54bbf0865469eecc37) Importer(815301076,1909f56bfc062723c751e8b465ee728b)
Start importing Assets/Game/WizardPolyArt/Animations/Attack02Maintain.fbx using Guid(772ab72bc9a5db54bbf0865469eecc37) Importer(815301076,1909f56bfc062723c751e8b465ee728b)  -> (artifact id: 'dc43aaffd8746b371f29080a6fc64dcb') in 0.086400 seconds 
========================================================================
Received Import Request.
  Time since last request: 0.000033 seconds.
  path: Assets/Game/WizardPolyArt/Animations/VictoryStart.fbx
  artifactKey: Guid(308b48c15b0fc8d4a83d4703f4dbeb3f) Importer(815301076,1909f56bfc062723c751e8b465ee728b)
Start importing Assets/Game/WizardPolyArt/Animations/VictoryStart.fbx using Guid(308b48c15b0fc8d4a83d4703f4dbeb3f) Importer(815301076,1909f56bfc062723c751e8b465ee728b)  -> (artifact id: 'b6fd32b8aa5b29ec43d19749ced3d1f6') in 0.021724 seconds 
========================================================================
Received Import Request.
  Time since last request: 0.000029 seconds.
  path: Assets/Game/WizardPolyArt/Animations/Attack03Maintain.fbx
  artifactKey: Guid(84360086255e9b24eb56fb310a84754e) Importer(815301076,1909f56bfc062723c751e8b465ee728b)
Start importing Assets/Game/WizardPolyArt/Animations/Attack03Maintain.fbx using Guid(84360086255e9b24eb56fb310a84754e) Importer(815301076,1909f56bfc062723c751e8b465ee728b)  -> (artifact id: 'dc644a621a3800556cd2934b3e7f0ef7') in 0.021508 seconds 
========================================================================
Received Import Request.
  Time since last request: 0.000024 seconds.
  path: Assets/Game/WizardPolyArt/Animations/Attack03Start.fbx
  artifactKey: Guid(4fce6296ed4db2c49b2b02fb8c9bea7d) Importer(815301076,1909f56bfc062723c751e8b465ee728b)
Start importing Assets/Game/WizardPolyArt/Animations/Attack03Start.fbx using Guid(4fce6296ed4db2c49b2b02fb8c9bea7d) Importer(815301076,1909f56bfc062723c751e8b465ee728b)  -> (artifact id: 'f52607ccfc026bcbbdb148718815eb34') in 0.019543 seconds 
========================================================================
Received Import Request.
  Time since last request: 0.000023 seconds.
  path: Assets/Game/WizardPolyArt/Animations/Attack04.fbx
  artifactKey: Guid(8692461656b17c84981f4c64c15341fc) Importer(815301076,1909f56bfc062723c751e8b465ee728b)
Start importing Assets/Game/WizardPolyArt/Animations/Attack04.fbx using Guid(8692461656b17c84981f4c64c15341fc) Importer(815301076,1909f56bfc062723c751e8b465ee728b)  -> (artifact id: '4483cfb05fefce75f0a89250eae82907') in 0.020500 seconds 
========================================================================
Received Import Request.
  Time since last request: 0.000035 seconds.
  path: Assets/Game/WizardPolyArt/Animations/Interact.fbx
  artifactKey: Guid(4a412c425e347044d9bd20cf127cd4c9) Importer(815301076,1909f56bfc062723c751e8b465ee728b)
Start importing Assets/Game/WizardPolyArt/Animations/Interact.fbx using Guid(4a412c425e347044d9bd20cf127cd4c9) Importer(815301076,1909f56bfc062723c751e8b465ee728b)  -> (artifact id: '8e382004b4461a21a56feb1e640ba6b5') in 0.022456 seconds 
========================================================================
Received Import Request.
  Time since last request: 0.000020 seconds.
  path: Assets/Game/WizardPolyArt/Animations/BattleWalkForward.fbx
  artifactKey: Guid(d08cb4da34e0ede4c82e968040ea86c4) Importer(815301076,1909f56bfc062723c751e8b465ee728b)
Start importing Assets/Game/WizardPolyArt/Animations/BattleWalkForward.fbx using Guid(d08cb4da34e0ede4c82e968040ea86c4) Importer(815301076,1909f56bfc062723c751e8b465ee728b)  -> (artifact id: '1edef307ac70373d9b250872b2032592') in 0.021792 seconds 
========================================================================
Received Import Request.
  Time since last request: 0.000020 seconds.
  path: Assets/Game/WizardPolyArt/Animations/PickUp.fbx
  artifactKey: Guid(9cf799ef67aa99a48bfffcb222ef873f) Importer(815301076,1909f56bfc062723c751e8b465ee728b)
Start importing Assets/Game/WizardPolyArt/Animations/PickUp.fbx using Guid(9cf799ef67aa99a48bfffcb222ef873f) Importer(815301076,1909f56bfc062723c751e8b465ee728b)  -> (artifact id: 'a7e97c10cedc55dca2cbd0e559bd17f2') in 0.022294 seconds 
========================================================================
Received Import Request.
  Time since last request: 0.000023 seconds.
  path: Assets/Game/WizardPolyArt/Animations/Idle02.fbx
  artifactKey: Guid(b66c3422f4986334c9ff55882cf84247) Importer(815301076,1909f56bfc062723c751e8b465ee728b)
Start importing Assets/Game/WizardPolyArt/Animations/Idle02.fbx using Guid(b66c3422f4986334c9ff55882cf84247) Importer(815301076,1909f56bfc062723c751e8b465ee728b)  -> (artifact id: 'fd6cbaea008ac5ee685a271a5ea470b6') in 0.023899 seconds 
========================================================================
Received Import Request.
  Time since last request: 0.000023 seconds.
  path: Assets/Game/WizardPolyArt/Animations/BattleWalkLeft.fbx
  artifactKey: Guid(cb2d7c8eb8d682d4db58ae9673579e76) Importer(815301076,1909f56bfc062723c751e8b465ee728b)
Start importing Assets/Game/WizardPolyArt/Animations/BattleWalkLeft.fbx using Guid(cb2d7c8eb8d682d4db58ae9673579e76) Importer(815301076,1909f56bfc062723c751e8b465ee728b)  -> (artifact id: '98c3af8b2cb145ea127fc15e8f20129d') in 0.024304 seconds 
========================================================================
Received Import Request.
  Time since last request: 0.000025 seconds.
  path: Assets/Game/WizardPolyArt/Animations/Idle03.fbx
  artifactKey: Guid(cb4c96787ba07184d9956f64f02cee49) Importer(815301076,1909f56bfc062723c751e8b465ee728b)
Start importing Assets/Game/WizardPolyArt/Animations/Idle03.fbx using Guid(cb4c96787ba07184d9956f64f02cee49) Importer(815301076,1909f56bfc062723c751e8b465ee728b)  -> (artifact id: '89382b07b1a325b1b3ce66c625623bcc') in 0.020690 seconds 
========================================================================
Received Import Request.
  Time since last request: 0.000044 seconds.
  path: Assets/Game/WizardPolyArt/Animations/DefendStart.fbx
  artifactKey: Guid(fee3c136e33beab44910227b8afc9d94) Importer(815301076,1909f56bfc062723c751e8b465ee728b)
Start importing Assets/Game/WizardPolyArt/Animations/DefendStart.fbx using Guid(fee3c136e33beab44910227b8afc9d94) Importer(815301076,1909f56bfc062723c751e8b465ee728b)  -> (artifact id: '677051f176af5f28c204d260f91a10cb') in 0.020444 seconds 
Editor requested this worker to shutdown with reason: Scaling down because of idle timeout
AssetImportWorker is now disconnected from the server
Process exiting
Exiting without the bug reporter. Application will terminate with return code 0